<?xml version="1.0" encoding="UTF-8" ?>
<testsuite tests="1" failures="0" name="book.games.arquillian.ArquillianRemoteTest" time="0.315" errors="1" skipped="0">
  <properties>
[...]
</properties>
  <testcase classname="book.games.arquillian.ArquillianRemoteTest" name="book.games.arquillian.ArquillianRemoteTest" time="0.315">
    <error message="Could not invoke deployment method: public static org.jboss.shrinkwrap.api.spec.WebArchive book.games.arquillian.ArquillianRemoteTest.createDeployment()" type="java.lang.RuntimeException">java.lang.RuntimeException: Could not invoke deployment method: public static org.jboss.shrinkwrap.api.spec.WebArchive book.games.arquillian.ArquillianRemoteTest.createDeployment()
	at org.jboss.arquillian.container.test.impl.client.deployment.AnnotationDeploymentScenarioGenerator.invoke(AnnotationDeploymentScenarioGenerator.java:181)
	at org.jboss.arquillian.container.test.impl.client.deployment.AnnotationDeploymentScenarioGenerator.generateDeployment(AnnotationDeploymentScenarioGenerator.java:103)
	at org.jboss.arquillian.container.test.impl.client.deployment.AnnotationDeploymentScenarioGenerator.generate(AnnotationDeploymentScenarioGenerator.java:64)
	at org.wildfly.swarm.arquillian.adapter.DefaultDeploymentScenarioGenerator.generate(DefaultDeploymentScenarioGenerator.java:49)
	at org.jboss.arquillian.container.test.impl.client.deployment.DeploymentGenerator.generateDeployment(DeploymentGenerator.java:79)
	at sun.reflect.NativeMethodAccessorImpl.invoke0(Native Method)
	at sun.reflect.NativeMethodAccessorImpl.invoke(NativeMethodAccessorImpl.java:62)
	at sun.reflect.DelegatingMethodAccessorImpl.invoke(DelegatingMethodAccessorImpl.java:43)
	at java.lang.reflect.Method.invoke(Method.java:498)
	at org.jboss.arquillian.core.impl.ObserverImpl.invoke(ObserverImpl.java:96)
	at org.jboss.arquillian.core.impl.EventContextImpl.invokeObservers(EventContextImpl.java:103)
	at org.jboss.arquillian.core.impl.EventContextImpl.proceed(EventContextImpl.java:85)
	at org.jboss.arquillian.core.impl.ManagerImpl.fire(ManagerImpl.java:143)
	at org.jboss.arquillian.core.impl.ManagerImpl.fire(ManagerImpl.java:114)
	at org.jboss.arquillian.core.impl.EventImpl.fire(EventImpl.java:67)
	at org.jboss.arquillian.container.test.impl.client.ContainerEventController.execute(ContainerEventController.java:100)
	at sun.reflect.NativeMethodAccessorImpl.invoke0(Native Method)
	at sun.reflect.NativeMethodAccessorImpl.invoke(NativeMethodAccessorImpl.java:62)
	at sun.reflect.DelegatingMethodAccessorImpl.invoke(DelegatingMethodAccessorImpl.java:43)
	at java.lang.reflect.Method.invoke(Method.java:498)
	at org.jboss.arquillian.core.impl.ObserverImpl.invoke(ObserverImpl.java:96)
	at org.jboss.arquillian.core.impl.EventContextImpl.invokeObservers(EventContextImpl.java:103)
	at org.jboss.arquillian.core.impl.EventContextImpl.proceed(EventContextImpl.java:85)
	at org.jboss.arquillian.test.impl.TestContextHandler.createClassContext(TestContextHandler.java:92)
	at sun.reflect.GeneratedMethodAccessor42.invoke(Unknown Source)
	at sun.reflect.DelegatingMethodAccessorImpl.invoke(DelegatingMethodAccessorImpl.java:43)
	at java.lang.reflect.Method.invoke(Method.java:498)
	at org.jboss.arquillian.core.impl.ObserverImpl.invoke(ObserverImpl.java:96)
	at org.jboss.arquillian.core.impl.EventContextImpl.proceed(EventContextImpl.java:92)
	at org.jboss.arquillian.test.impl.TestContextHandler.createSuiteContext(TestContextHandler.java:73)
	at sun.reflect.GeneratedMethodAccessor41.invoke(Unknown Source)
	at sun.reflect.DelegatingMethodAccessorImpl.invoke(DelegatingMethodAccessorImpl.java:43)
	at java.lang.reflect.Method.invoke(Method.java:498)
	at org.jboss.arquillian.core.impl.ObserverImpl.invoke(ObserverImpl.java:96)
	at org.jboss.arquillian.core.impl.EventContextImpl.proceed(EventContextImpl.java:92)
	at org.jboss.arquillian.core.impl.ManagerImpl.fire(ManagerImpl.java:143)
	at org.jboss.arquillian.core.impl.ManagerImpl.fire(ManagerImpl.java:114)
	at org.jboss.arquillian.test.impl.EventTestRunnerAdaptor.beforeClass(EventTestRunnerAdaptor.java:87)
	at org.jboss.arquillian.junit.Arquillian$2.evaluate(Arquillian.java:202)
	at org.jboss.arquillian.junit.Arquillian.multiExecute(Arquillian.java:431)
	at org.jboss.arquillian.junit.Arquillian.access$200(Arquillian.java:55)
	at org.jboss.arquillian.junit.Arquillian$3.evaluate(Arquillian.java:219)
	at org.junit.runners.ParentRunner.run(ParentRunner.java:363)
	at org.jboss.arquillian.junit.Arquillian.run(Arquillian.java:167)
	at org.apache.maven.surefire.junit4.JUnit4Provider.execute(JUnit4Provider.java:252)
	at org.apache.maven.surefire.junit4.JUnit4Provider.executeTestSet(JUnit4Provider.java:141)
	at org.apache.maven.surefire.junit4.JUnit4Provider.invoke(JUnit4Provider.java:112)
	at sun.reflect.NativeMethodAccessorImpl.invoke0(Native Method)
	at sun.reflect.NativeMethodAccessorImpl.invoke(NativeMethodAccessorImpl.java:62)
	at sun.reflect.DelegatingMethodAccessorImpl.invoke(DelegatingMethodAccessorImpl.java:43)
	at java.lang.reflect.Method.invoke(Method.java:498)
	at org.apache.maven.surefire.util.ReflectionUtils.invokeMethodWithArray(ReflectionUtils.java:189)
	at org.apache.maven.surefire.booter.ProviderFactory$ProviderProxy.invoke(ProviderFactory.java:165)
	at org.apache.maven.surefire.booter.ProviderFactory.invokeProvider(ProviderFactory.java:85)
	at org.apache.maven.surefire.booter.ForkedBooter.runSuitesInProcess(ForkedBooter.java:115)
	at org.apache.maven.surefire.booter.ForkedBooter.main(ForkedBooter.java:75)
Caused by: java.lang.reflect.InvocationTargetException
	at sun.reflect.NativeMethodAccessorImpl.invoke0(Native Method)
	at sun.reflect.NativeMethodAccessorImpl.invoke(NativeMethodAccessorImpl.java:62)
	at sun.reflect.DelegatingMethodAccessorImpl.invoke(DelegatingMethodAccessorImpl.java:43)
	at java.lang.reflect.Method.invoke(Method.java:498)
	at org.jboss.arquillian.container.test.impl.client.deployment.AnnotationDeploymentScenarioGenerator.invoke(AnnotationDeploymentScenarioGenerator.java:177)
	... 55 more
Caused by: org.jboss.shrinkwrap.resolver.api.NoResolvedResultException: Unable to collect/resolve dependency tree for a resolution due to: Failed to collect dependencies at com.github.tomakehurst:wiremock-standalone:jar:2.2.1, caused by: Server returned HTTP response code: 501 for URL: http://repo1.maven.org/maven2/com/github/tomakehurst/wiremock-standalone/2.2.1/wiremock-standalone-2.2.1.pom
	at org.jboss.shrinkwrap.resolver.impl.maven.MavenWorkingSessionImpl.wrapException(MavenWorkingSessionImpl.java:490)
	at org.jboss.shrinkwrap.resolver.impl.maven.MavenWorkingSessionImpl.resolveDependencies(MavenWorkingSessionImpl.java:231)
	at org.jboss.shrinkwrap.resolver.impl.maven.MavenStrategyStageBaseImpl.using(MavenStrategyStageBaseImpl.java:71)
	at org.jboss.shrinkwrap.resolver.impl.maven.MavenStrategyStageBaseImpl.withoutTransitivity(MavenStrategyStageBaseImpl.java:58)
	at org.jboss.shrinkwrap.resolver.impl.maven.MavenStrategyStageBaseImpl.withoutTransitivity(MavenStrategyStageBaseImpl.java:40)
	at book.games.arquillian.ArquillianRemoteTest.createDeployment(ArquillianRemoteTest.java:29)
	... 60 more
Caused by: org.eclipse.aether.resolution.DependencyResolutionException: Failed to collect dependencies at com.github.tomakehurst:wiremock-standalone:jar:2.2.1
	at org.eclipse.aether.internal.impl.DefaultRepositorySystem.resolveDependencies(DefaultRepositorySystem.java:380)
	at org.jboss.shrinkwrap.resolver.impl.maven.bootstrap.MavenRepositorySystem.resolveDependencies(MavenRepositorySystem.java:121)
	at org.jboss.shrinkwrap.resolver.impl.maven.MavenWorkingSessionImpl.resolveDependencies(MavenWorkingSessionImpl.java:228)
	... 64 more
Caused by: org.eclipse.aether.collection.DependencyCollectionException: Failed to collect dependencies at com.github.tomakehurst:wiremock-standalone:jar:2.2.1
	at org.eclipse.aether.internal.impl.DefaultDependencyCollector.collectDependencies(DefaultDependencyCollector.java:291)
	at org.eclipse.aether.internal.impl.DefaultRepositorySystem.resolveDependencies(DefaultRepositorySystem.java:341)
	... 66 more
Caused by: org.eclipse.aether.resolution.ArtifactDescriptorException: Failed to read artifact descriptor for com.github.tomakehurst:wiremock-standalone:jar:2.2.1
	at org.apache.maven.repository.internal.DefaultArtifactDescriptorReader.loadPom(DefaultArtifactDescriptorReader.java:302)
	at org.apache.maven.repository.internal.DefaultArtifactDescriptorReader.readArtifactDescriptor(DefaultArtifactDescriptorReader.java:217)
	at org.eclipse.aether.internal.impl.DefaultDependencyCollector.resolveCachedArtifactDescriptor(DefaultDependencyCollector.java:525)
	at org.eclipse.aether.internal.impl.DefaultDependencyCollector.getArtifactDescriptorResult(DefaultDependencyCollector.java:509)
	at org.eclipse.aether.internal.impl.DefaultDependencyCollector.processDependency(DefaultDependencyCollector.java:409)
	at org.eclipse.aether.internal.impl.DefaultDependencyCollector.processDependency(DefaultDependencyCollector.java:363)
	at org.eclipse.aether.internal.impl.DefaultDependencyCollector.process(DefaultDependencyCollector.java:351)
	at org.eclipse.aether.internal.impl.DefaultDependencyCollector.collectDependencies(DefaultDependencyCollector.java:254)
	... 67 more
Caused by: org.eclipse.aether.resolution.ArtifactResolutionException: Could not transfer artifact com.github.tomakehurst:wiremock-standalone:pom:2.2.1 from/to central (http://repo1.maven.org/maven2): Error transferring file: Server returned HTTP response code: 501 for URL: http://repo1.maven.org/maven2/com/github/tomakehurst/wiremock-standalone/2.2.1/wiremock-standalone-2.2.1.pom from http://repo1.maven.org/maven2/com/github/tomakehurst/wiremock-standalone/2.2.1/wiremock-standalone-2.2.1.pom
	at org.eclipse.aether.internal.impl.DefaultArtifactResolver.resolve(DefaultArtifactResolver.java:444)
	at org.eclipse.aether.internal.impl.DefaultArtifactResolver.resolveArtifacts(DefaultArtifactResolver.java:246)
	at org.eclipse.aether.internal.impl.DefaultArtifactResolver.resolveArtifact(DefaultArtifactResolver.java:223)
	at org.apache.maven.repository.internal.DefaultArtifactDescriptorReader.loadPom(DefaultArtifactDescriptorReader.java:287)
	... 74 more
Caused by: org.eclipse.aether.transfer.ArtifactTransferException: Could not transfer artifact com.github.tomakehurst:wiremock-standalone:pom:2.2.1 from/to central (http://repo1.maven.org/maven2): Error transferring file: Server returned HTTP response code: 501 for URL: http://repo1.maven.org/maven2/com/github/tomakehurst/wiremock-standalone/2.2.1/wiremock-standalone-2.2.1.pom from http://repo1.maven.org/maven2/com/github/tomakehurst/wiremock-standalone/2.2.1/wiremock-standalone-2.2.1.pom
	at org.eclipse.aether.connector.basic.ArtifactTransportListener.transferFailed(ArtifactTransportListener.java:43)
	at org.eclipse.aether.connector.basic.BasicRepositoryConnector$TaskRunner.run(BasicRepositoryConnector.java:355)
	at org.eclipse.aether.util.concurrency.RunnableErrorForwarder$1.run(RunnableErrorForwarder.java:67)
	at org.eclipse.aether.connector.basic.BasicRepositoryConnector$DirectExecutor.execute(BasicRepositoryConnector.java:581)
	at org.eclipse.aether.connector.basic.BasicRepositoryConnector.get(BasicRepositoryConnector.java:249)
	at org.eclipse.aether.internal.impl.DefaultArtifactResolver.performDownloads(DefaultArtifactResolver.java:520)
	at org.eclipse.aether.internal.impl.DefaultArtifactResolver.resolve(DefaultArtifactResolver.java:421)
	... 77 more
Caused by: org.apache.maven.wagon.TransferFailedException: Error transferring file: Server returned HTTP response code: 501 for URL: http://repo1.maven.org/maven2/com/github/tomakehurst/wiremock-standalone/2.2.1/wiremock-standalone-2.2.1.pom from http://repo1.maven.org/maven2/com/github/tomakehurst/wiremock-standalone/2.2.1/wiremock-standalone-2.2.1.pom
	at org.apache.maven.wagon.providers.http.LightweightHttpWagon.fillInputData(LightweightHttpWagon.java:183)
	at org.apache.maven.wagon.StreamWagon.getInputStream(StreamWagon.java:116)
	at org.apache.maven.wagon.StreamWagon.getIfNewer(StreamWagon.java:88)
	at org.apache.maven.wagon.StreamWagon.get(StreamWagon.java:61)
	at org.eclipse.aether.transport.wagon.WagonTransporter$GetTaskRunner.run(WagonTransporter.java:560)
	at org.eclipse.aether.transport.wagon.WagonTransporter.execute(WagonTransporter.java:427)
	at org.eclipse.aether.transport.wagon.WagonTransporter.get(WagonTransporter.java:404)
	at org.eclipse.aether.connector.basic.BasicRepositoryConnector$GetTaskRunner.runTask(BasicRepositoryConnector.java:447)
	at org.eclipse.aether.connector.basic.BasicRepositoryConnector$TaskRunner.run(BasicRepositoryConnector.java:350)
	... 82 more
Caused by: java.io.IOException: Server returned HTTP response code: 501 for URL: http://repo1.maven.org/maven2/com/github/tomakehurst/wiremock-standalone/2.2.1/wiremock-standalone-2.2.1.pom
	at sun.reflect.NativeConstructorAccessorImpl.newInstance0(Native Method)
	at sun.reflect.NativeConstructorAccessorImpl.newInstance(NativeConstructorAccessorImpl.java:62)
	at sun.reflect.DelegatingConstructorAccessorImpl.newInstance(DelegatingConstructorAccessorImpl.java:45)
	at java.lang.reflect.Constructor.newInstance(Constructor.java:423)
	at sun.net.www.protocol.http.HttpURLConnection$10.run(HttpURLConnection.java:1950)
	at sun.net.www.protocol.http.HttpURLConnection$10.run(HttpURLConnection.java:1945)
	at java.security.AccessController.doPrivileged(Native Method)
	at sun.net.www.protocol.http.HttpURLConnection.getChainedException(HttpURLConnection.java:1944)
	at sun.net.www.protocol.http.HttpURLConnection.getInputStream0(HttpURLConnection.java:1514)
	at sun.net.www.protocol.http.HttpURLConnection.getInputStream(HttpURLConnection.java:1498)
	at org.apache.maven.wagon.providers.http.LightweightHttpWagon.fillInputData(LightweightHttpWagon.java:153)
	... 90 more
Caused by: java.io.IOException: Server returned HTTP response code: 501 for URL: http://repo1.maven.org/maven2/com/github/tomakehurst/wiremock-standalone/2.2.1/wiremock-standalone-2.2.1.pom
	at sun.net.www.protocol.http.HttpURLConnection.getInputStream0(HttpURLConnection.java:1900)
	at sun.net.www.protocol.http.HttpURLConnection.getInputStream(HttpURLConnection.java:1498)
	at java.net.HttpURLConnection.getResponseCode(HttpURLConnection.java:480)
	at org.apache.maven.wagon.providers.http.LightweightHttpWagon.fillInputData(LightweightHttpWagon.java:140)
	... 90 more
</error>
    <system-err>Apr 06, 2021 4:00:38 PM org.jboss.shrinkwrap.resolver.impl.maven.logging.LogTransferListener transferFailed
WARNING: Failed downloading com/github/tomakehurst/wiremock-standalone/2.2.1/wiremock-standalone-2.2.1.pom from http://repo1.maven.org/maven2/. Reason: 
org.eclipse.aether.transfer.ArtifactTransferException: Could not transfer artifact com.github.tomakehurst:wiremock-standalone:pom:2.2.1 from/to central (http://repo1.maven.org/maven2): Error transferring file: Server returned HTTP response code: 501 for URL: http://repo1.maven.org/maven2/com/github/tomakehurst/wiremock-standalone/2.2.1/wiremock-standalone-2.2.1.pom from http://repo1.maven.org/maven2/com/github/tomakehurst/wiremock-standalone/2.2.1/wiremock-standalone-2.2.1.pom
</system-err>
  </testcase>
</testsuite>